<?xml version="1.0" encoding="UTF-8"?>
<testsuite xmlns:xsi="http://www.w3.org/2001/XMLSchema-instance" xsi:noNamespaceSchemaLocation="https://maven.apache.org/surefire/maven-surefire-plugin/xsd/surefire-test-report-3.0.xsd" version="3.0" name="myfirstmaven.CaculatorTest" time="0.055" tests="1" errors="0" skipped="0" failures="0">
  <properties>
    <property name="sun.desktop" value="windows"/>
    <property name="awt.toolkit" value="sun.awt.windows.WToolkit"/>
    <property name="java.specification.version" value="11"/>
    <property name="sun.cpu.isalist" value="amd64"/>
    <property name="sun.jnu.encoding" value="MS949"/>
    <property name="java.class.path" value="C:\Users\suhyun\wooriFISA\wooriFISA-back-end\11.web\myfirstmaven\target\test-classes;C:\Users\suhyun\wooriFISA\wooriFISA-back-end\11.web\myfirstmaven\target\classes;C:\Users\suhyun\.m2\repository\junit\junit\4.11\junit-4.11.jar;C:\Users\suhyun\.m2\repository\org\hamcrest\hamcrest-core\1.3\hamcrest-core-1.3.jar;"/>
    <property name="java.vm.vendor" value="Eclipse Adoptium"/>
    <property name="sun.arch.data.model" value="64"/>
    <property name="user.variant" value=""/>
    <property name="java.vendor.url" value="https://adoptium.net/"/>
    <property name="user.timezone" value="Asia/Seoul"/>
    <property name="java.vm.specification.version" value="11"/>
    <property name="os.name" value="Windows 11"/>
    <property name="sun.java.launcher" value="SUN_STANDARD"/>
    <property name="user.country" value="KR"/>
    <property name="sun.boot.library.path" value="C:\Users\suhyun\wooriFISA\0.software\OpenJDK11U-jdk_x64_windows_hotspot_11.0.19_7\jdk-11.0.19+7\bin"/>
    <property name="sun.java.command" value="C:\Users\suhyun\AppData\Local\Temp\surefire4450647090598540757\surefirebooter-20230627103750304_3.jar C:\Users\suhyun\AppData\Local\Temp\surefire4450647090598540757 2023-06-27T10-37-50_071-jvmRun1 surefire-20230627103750304_1tmp surefire_0-20230627103750304_2tmp"/>
    <property name="jdk.debug" value="release"/>
    <property name="surefire.test.class.path" value="C:\Users\suhyun\wooriFISA\wooriFISA-back-end\11.web\myfirstmaven\target\test-classes;C:\Users\suhyun\wooriFISA\wooriFISA-back-end\11.web\myfirstmaven\target\classes;C:\Users\suhyun\.m2\repository\junit\junit\4.11\junit-4.11.jar;C:\Users\suhyun\.m2\repository\org\hamcrest\hamcrest-core\1.3\hamcrest-core-1.3.jar;"/>
    <property name="sun.cpu.endian" value="little"/>
    <property name="user.home" value="C:\Users\suhyun"/>
    <property name="user.language" value="ko"/>
    <property name="java.specification.vendor" value="Oracle Corporation"/>
    <property name="java.version.date" value="2023-04-18"/>
    <property name="java.home" value="C:\Users\suhyun\wooriFISA\0.software\OpenJDK11U-jdk_x64_windows_hotspot_11.0.19_7\jdk-11.0.19+7"/>
    <property name="file.separator" value="\"/>
    <property name="basedir" value="C:\Users\suhyun\wooriFISA\wooriFISA-back-end\11.web\myfirstmaven"/>
    <property name="java.vm.compressedOopsMode" value="32-bit"/>
    <property name="line.separator" value="&#10;"/>
    <property name="java.specification.name" value="Java Platform API Specification"/>
    <property name="java.vm.specification.vendor" value="Oracle Corporation"/>
    <property name="java.awt.graphicsenv" value="sun.awt.Win32GraphicsEnvironment"/>
    <property name="surefire.real.class.path" value="C:\Users\suhyun\AppData\Local\Temp\surefire4450647090598540757\surefirebooter-20230627103750304_3.jar"/>
    <property name="user.script" value=""/>
    <property name="sun.management.compiler" value="HotSpot 64-Bit Tiered Compilers"/>
    <property name="java.runtime.version" value="11.0.19+7"/>
    <property name="user.name" value="suhyun"/>
    <property name="path.separator" value=";"/>
    <property name="os.version" value="10.0"/>
    <property name="java.runtime.name" value="OpenJDK Runtime Environment"/>
    <property name="file.encoding" value="MS949"/>
    <property name="java.vm.name" value="OpenJDK 64-Bit Server VM"/>
    <property name="java.vendor.version" value="Temurin-11.0.19+7"/>
    <property name="localRepository" value="C:\Users\suhyun\.m2\repository"/>
    <property name="java.vendor.url.bug" value="https://github.com/adoptium/adoptium-support/issues"/>
    <property name="java.io.tmpdir" value="C:\Users\suhyun\AppData\Local\Temp\"/>
    <property name="java.version" value="11.0.19"/>
    <property name="user.dir" value="C:\Users\suhyun\wooriFISA\wooriFISA-back-end\11.web\myfirstmaven"/>
    <property name="os.arch" value="amd64"/>
    <property name="java.vm.specification.name" value="Java Virtual Machine Specification"/>
    <property name="java.awt.printerjob" value="sun.awt.windows.WPrinterJob"/>
    <property name="sun.os.patch.level" value=""/>
    <property name="java.library.path" value="C:\Users\suhyun\wooriFISA\0.software\OpenJDK11U-jdk_x64_windows_hotspot_11.0.19_7\jdk-11.0.19+7\bin;C:\WINDOWS\Sun\Java\bin;C:\WINDOWS\system32;C:\WINDOWS;C:\Program Files\NVIDIA GPU Computing Toolkit\CUDA\v11.6\bin;C:\Program Files\NVIDIA GPU Computing Toolkit\CUDA\v11.6\libnvvp;C:\Anaconda3;C:\Anaconda3\Library\mingw-w64\bin;C:\Anaconda3\Library\usr\bin;C:\Anaconda3\Library\bin;C:\Anaconda3\Scripts;C:\Users\suhyun\wooriFISA\0.software\OpenJDK11U-jdk_x64_windows_hotspot_11.0.19_7\jdk-11.0.19+7\bin;C:\Users\suhyun\AppData\Local\Programs\Python\Python39\Scripts;C:\Users\suhyun\AppData\Local\Programs\Python\Python39;C:\Program Files\Common Files\Oracle\Java\javapath;C:\Users\suhyun\Python\Scripts;C:\Users\suhyun\Python;C:\Program Files\Java\jdk1.8.0_251\bin;C:\Program Files (x86)\Common Files\Oracle\Java\javapath;C:\Oracle\product\11.2.0\dbhome_2\bin;C:\Windows\System32;C:\windows;C:\windows\System32\Wbem;C:\windows\System32\WindowsPowerShell\v1.0;C:\windows\System32\OpenSSH;C:\Program Files (x86)\NVIDIA Corporation\PhysX\Common;C:\Android\sdk\emulator;C:\Android\sdk\platform-tools;C:\Program Files\Java\jdk-17.0.1\bin;C:\WINDOWS\System32\OpenSSH;C:\Program Files\Git\cmd;C:\DEV\apache-tomcat-10.0.16\bin;C:\Program Files\Bandizip;C:\Program Files\Docker\Docker\resources\bin;C:\ProgramData\DockerDesktop\version-bin;C:\Users\suhyun\CapstoneDeleteBackground\rembg;C:\WINDOWS\System32\WindowsPowerShell\v1.0\C:\WINDOWS\System32\OpenSSH;C:\Program Files\NVIDIA Corporation\Nsight Compute 2022.1.0\;C:\Program Files\NVIDIA Corporation\NVIDIA NvDLISR;C:\Program Files\NVIDIA GPU Computing Toolkit\CUDA\v11.6\include;C:\Program Files\NVIDIA GPU Computing Toolkit\CUDA\v11.6\lib;C:\Users\suhyun\zlib123dllx64\dll_x64\zlibwapi.dll;C:\WINDOWS\system32;C:\WINDOWS;C:\WINDOWS\System32\Wbem;C:\WINDOWS\System32\WindowsPowerShell\v1.0\;C:\WINDOWS\System32\OpenSSH\;C:\Users\suhyun\AppData\Roaming\nvm;C:\Program Files\nodejs;C:\Users\suhyun\wooriFISA\0.software\OpenJDK11U-jdk_x64_windows_hotspot_11.0.19_7\jdk-11.0.19+7\bin;C:\Program Files\MySQL\MySQL Server 8.0\bin;C:\Users\suhyun\wooriFISA\0.software\apache-maven-3.9.3-bin\apache-maven-3.9.3\bin;C:\Program Files\MySQL\MySQL Shell 8.0\bin\;C:\Users\suhyun\AppData\Local\Microsoft\WindowsApps;C:\Program Files\Java\jdk1.8.0_251\bin;C:\Program Files\JetBrains\IntelliJ IDEA Community Edition 2021.2.1\bin;;C:\flutter\bin;C:\Users\suhyun\AppData\Local\Programs\Microsoft VS Code\bin;C:\Users\suhyun\AppData\Roaming\npm;C:\Users\suhyun\AppData\Local\Programs\Python\Python39\Scripts;C:\Windows\System32;C:\Users\suhyun\CapstoneDeleteBackground\rembg\rembg;C:\Users\suhyun\AppData\Roaming\nvm;C:\Program Files\nodejs;;."/>
    <property name="java.vm.info" value="mixed mode"/>
    <property name="java.vendor" value="Eclipse Adoptium"/>
    <property name="java.vm.version" value="11.0.19+7"/>
    <property name="sun.io.unicode.encoding" value="UnicodeLittle"/>
    <property name="java.class.version" value="55.0"/>
  </properties>
  <testcase name="test" classname="myfirstmaven.CaculatorTest" time="0.004"/>
</testsuite>